Using pre-set license
Built from '2020.3/staging' branch; Version is '2020.3.3f1 (76626098c1c4) revision 7758432'; Using compiler version '192528614'; Build Type 'Release'
OS: 'Windows 10 Home; OS build 19042.1288; Version 2009; 64bit' Language: 'sv' Physical Memory: 16304 MB
BatchMode: 1, IsHumanControllingUs: 0, StartBugReporterOnCrash: 0, Is64bit: 1, IsPro: 0

 COMMAND LINE ARGUMENTS:
C:\Program Files\Unity\Hub\Editor\2020.3.3f1\Editor\Unity.exe
-adb2
-batchMode
-noUpm
-name
AssetImportWorker0
-projectPath
C:/Users/loke_/Documents/GitHub/Lidar/LidarMapper Unity/Lidar Mapper
-logFile
Logs/AssetImportWorker0.log
-srvPort
59524
Successfully changed project path to: C:/Users/loke_/Documents/GitHub/Lidar/LidarMapper Unity/Lidar Mapper
C:/Users/loke_/Documents/GitHub/Lidar/LidarMapper Unity/Lidar Mapper
Using Asset Import Pipeline V2.
Refreshing native plugins compatible for Editor in 42.90 ms, found 1 plugins.
Preloading 0 native plugins for Editor in 0.00 ms.
Initialize engine version: 2020.3.3f1 (76626098c1c4)
[Subsystems] Discovering subsystems at path C:/Program Files/Unity/Hub/Editor/2020.3.3f1/Editor/Data/Resources/UnitySubsystems
[Subsystems] Discovering subsystems at path C:/Users/loke_/Documents/GitHub/Lidar/LidarMapper Unity/Lidar Mapper/Assets
GfxDevice: creating device client; threaded=0
Direct3D:
    Version:  Direct3D 11.0 [level 11.1]
    Renderer: NVIDIA GeForce GTX 1050 (ID=0x1c8d)
    Vendor:   
    VRAM:     1979 MB
    Driver:   27.21.14.6089
Initialize mono
Mono path[0] = 'C:/Program Files/Unity/Hub/Editor/2020.3.3f1/Editor/Data/Managed'
Mono path[1] = 'C:/Program Files/Unity/Hub/Editor/2020.3.3f1/Editor/Data/MonoBleedingEdge/lib/mono/unityjit'
Mono config path = 'C:/Program Files/Unity/Hub/Editor/2020.3.3f1/Editor/Data/MonoBleedingEdge/etc'
Using monoOptions --debugger-agent=transport=dt_socket,embedding=1,server=y,suspend=n,address=127.0.0.1:56332
Begin MonoManager ReloadAssembly
Registering precompiled unity dll's ...
Register platform support module: C:/Program Files/Unity/Hub/Editor/2020.3.3f1/Editor/Data/PlaybackEngines/MacStandaloneSupport/UnityEditor.OSXStandalone.Extensions.dll
Register platform support module: C:/Program Files/Unity/Hub/Editor/2020.3.3f1/Editor/Data/PlaybackEngines/WindowsStandaloneSupport/UnityEditor.WindowsStandalone.Extensions.dll
Registered in 0.004216 seconds.
Native extension for WindowsStandalone target not found
Native extension for OSXStandalone target not found
Refreshing native plugins compatible for Editor in 43.51 ms, found 1 plugins.
Preloading 0 native plugins for Editor in 0.00 ms.
Invoked RoslynAnalysisRunner static constructor.
RoslynAnalysisRunner will not be running.
RoslynAnalysisRunner has terminated.
Mono: successfully reloaded assembly
- Completed reload, in  2.650 seconds
Platform modules already initialized, skipping
Registering precompiled user dll's ...
Registered in 0.001369 seconds.
Begin MonoManager ReloadAssembly
Native extension for WindowsStandalone target not found
Native extension for OSXStandalone target not found
Refreshing native plugins compatible for Editor in 45.39 ms, found 1 plugins.
Preloading 0 native plugins for Editor in 0.00 ms.
Invoked RoslynAnalysisRunner static constructor.
RoslynAnalysisRunner will not be running.
RoslynAnalysisRunner has terminated.
Mono: successfully reloaded assembly
- Completed reload, in  1.181 seconds
Platform modules already initialized, skipping
========================================================================
Worker process is ready to serve import requests
Launched and connected shader compiler UnityShaderCompiler.exe after 0.10 seconds
Refreshing native plugins compatible for Editor in 0.34 ms, found 1 plugins.
Preloading 0 native plugins for Editor in 0.00 ms.
Unloading 1816 Unused Serialized files (Serialized files now loaded: 0)
System memory in use before: 85.1 MB.
System memory in use after: 85.0 MB.

Unloading 24 unused Assets to reduce memory usage. Loaded Objects now: 2258.
Total: 3.115200 ms (FindLiveObjects: 0.256500 ms CreateObjectMapping: 0.073200 ms MarkObjects: 2.520600 ms  DeleteObjects: 0.263700 ms)

========================================================================
Received Import Request.
  path: Assets/Circle.prefab
  artifactKey: Guid(f52952f97c806c2438ac9efbe05b7344) Importer(815301076,1909f56bfc062723c751e8b465ee728b)
Start importing Assets/Circle.prefab using Guid(f52952f97c806c2438ac9efbe05b7344) Importer(815301076,1909f56bfc062723c751e8b465ee728b)  -> (artifact id: 'f8fe5aec91789d9dee41420b3b6821d0') in 0.126787 seconds
  Import took 0.130317 seconds .

========================================================================
Received Import Request.
  Time since last request: 112.377820 seconds.
  path: Assets/Scripts/Robot
  artifactKey: Guid(b52f842d116cc9a469f78fc739ca3667) Importer(815301076,1909f56bfc062723c751e8b465ee728b)
Start importing Assets/Scripts/Robot using Guid(b52f842d116cc9a469f78fc739ca3667) Importer(815301076,1909f56bfc062723c751e8b465ee728b)  -> (artifact id: '0bbe9dc540c5daddc80625e9cb7516d2') in 0.005736 seconds
  Import took 0.011096 seconds .

========================================================================
Received Import Request.
  Time since last request: 8.256005 seconds.
  path: Assets/Scripts/Robot/CamFollower.cs
  artifactKey: Guid(f80b5b3d6f3f1e24a9b91b0c0db2453b) Importer(815301076,1909f56bfc062723c751e8b465ee728b)
Start importing Assets/Scripts/Robot/CamFollower.cs using Guid(f80b5b3d6f3f1e24a9b91b0c0db2453b) Importer(815301076,1909f56bfc062723c751e8b465ee728b)  -> (artifact id: '14238fe699fa489683c595e3fe61b82b') in 0.009780 seconds
  Import took 0.019351 seconds .

========================================================================
Received Import Request.
  Time since last request: 28.154527 seconds.
  path: Assets/Scripts/Robot/CamFollower.cs
  artifactKey: Guid(f80b5b3d6f3f1e24a9b91b0c0db2453b) Importer(815301076,1909f56bfc062723c751e8b465ee728b)
Start importing Assets/Scripts/Robot/CamFollower.cs using Guid(f80b5b3d6f3f1e24a9b91b0c0db2453b) Importer(815301076,1909f56bfc062723c751e8b465ee728b)  -> (artifact id: '592889fc4500cc4bbb5b001853b1325d') in 0.003302 seconds
  Import took 0.017275 seconds .

========================================================================
Received Import Request.
  Time since last request: 53.344141 seconds.
  path: Assets/Scripts/Robot/CamFollower.cs
  artifactKey: Guid(f80b5b3d6f3f1e24a9b91b0c0db2453b) Importer(815301076,1909f56bfc062723c751e8b465ee728b)
Start importing Assets/Scripts/Robot/CamFollower.cs using Guid(f80b5b3d6f3f1e24a9b91b0c0db2453b) Importer(815301076,1909f56bfc062723c751e8b465ee728b)  -> (artifact id: '9d041dd5ab6a1f7d981442445282c35b') in 0.007489 seconds
  Import took 0.012784 seconds .

========================================================================
Received Import Request.
  Time since last request: 37.171718 seconds.
  path: Assets/Scripts/Robot/CamFollower.cs
  artifactKey: Guid(f80b5b3d6f3f1e24a9b91b0c0db2453b) Importer(815301076,1909f56bfc062723c751e8b465ee728b)
Start importing Assets/Scripts/Robot/CamFollower.cs using Guid(f80b5b3d6f3f1e24a9b91b0c0db2453b) Importer(815301076,1909f56bfc062723c751e8b465ee728b)  -> (artifact id: '6d83b929ac1429a741548c708297f602') in 0.005108 seconds
  Import took 0.009672 seconds .

========================================================================
Received Import Request.
  Time since last request: 0.001896 seconds.
  path: Assets/Scripts/Robot/CamFollower.cs
  artifactKey: Guid(f80b5b3d6f3f1e24a9b91b0c0db2453b) Importer(815301076,1909f56bfc062723c751e8b465ee728b)
Start importing Assets/Scripts/Robot/CamFollower.cs using Guid(f80b5b3d6f3f1e24a9b91b0c0db2453b) Importer(815301076,1909f56bfc062723c751e8b465ee728b)  -> (artifact id: '6d83b929ac1429a741548c708297f602') in 0.004169 seconds
  Import took 0.009225 seconds .

========================================================================
Received Import Request.
  Time since last request: 66.784218 seconds.
  path: Assets/Scripts/Robot/CamFollower.cs
  artifactKey: Guid(f80b5b3d6f3f1e24a9b91b0c0db2453b) Importer(815301076,1909f56bfc062723c751e8b465ee728b)
Start importing Assets/Scripts/Robot/CamFollower.cs using Guid(f80b5b3d6f3f1e24a9b91b0c0db2453b) Importer(815301076,1909f56bfc062723c751e8b465ee728b)  -> (artifact id: '91c749864655fca8d70f8b1b0972b91e') in 0.009609 seconds
  Import took 0.014982 seconds .

========================================================================
Received Prepare
Registering precompiled user dll's ...
Registered in 0.001405 seconds.
Begin MonoManager ReloadAssembly
Native extension for WindowsStandalone target not found
Native extension for OSXStandalone target not found
Refreshing native plugins compatible for Editor in 0.37 ms, found 1 plugins.
Preloading 0 native plugins for Editor in 0.00 ms.
Invoked RoslynAnalysisRunner static constructor.
RoslynAnalysisRunner will not be running.
RoslynAnalysisRunner has terminated.
Mono: successfully reloaded assembly
- Completed reload, in  1.116 seconds
Platform modules already initialized, skipping
Refreshing native plugins compatible for Editor in 0.35 ms, found 1 plugins.
Preloading 0 native plugins for Editor in 0.00 ms.
Unloading 1812 Unused Serialized files (Serialized files now loaded: 0)
System memory in use before: 88.1 MB.
System memory in use after: 88.1 MB.

Unloading 12 unused Assets to reduce memory usage. Loaded Objects now: 2270.
Total: 2.289800 ms (FindLiveObjects: 0.221800 ms CreateObjectMapping: 0.082000 ms MarkObjects: 1.826000 ms  DeleteObjects: 0.158700 ms)

========================================================================
Received Prepare
Registering precompiled user dll's ...
Registered in 0.001381 seconds.
Begin MonoManager ReloadAssembly
Native extension for WindowsStandalone target not found
Native extension for OSXStandalone target not found
Refreshing native plugins compatible for Editor in 0.58 ms, found 1 plugins.
Preloading 0 native plugins for Editor in 0.00 ms.
Invoked RoslynAnalysisRunner static constructor.
RoslynAnalysisRunner will not be running.
RoslynAnalysisRunner has terminated.
Mono: successfully reloaded assembly
- Completed reload, in  1.116 seconds
Platform modules already initialized, skipping
Refreshing native plugins compatible for Editor in 0.35 ms, found 1 plugins.
Preloading 0 native plugins for Editor in 0.00 ms.
Unloading 1812 Unused Serialized files (Serialized files now loaded: 0)
System memory in use before: 88.2 MB.
System memory in use after: 88.2 MB.

Unloading 12 unused Assets to reduce memory usage. Loaded Objects now: 2274.
Total: 2.924700 ms (FindLiveObjects: 0.358000 ms CreateObjectMapping: 0.230400 ms MarkObjects: 2.186600 ms  DeleteObjects: 0.148300 ms)

========================================================================
Received Prepare
Registering precompiled user dll's ...
Registered in 0.001389 seconds.
Begin MonoManager ReloadAssembly
Native extension for WindowsStandalone target not found
Native extension for OSXStandalone target not found
Refreshing native plugins compatible for Editor in 0.53 ms, found 1 plugins.
Preloading 0 native plugins for Editor in 0.00 ms.
Invoked RoslynAnalysisRunner static constructor.
RoslynAnalysisRunner will not be running.
RoslynAnalysisRunner has terminated.
Mono: successfully reloaded assembly
- Completed reload, in  1.120 seconds
Platform modules already initialized, skipping
Refreshing native plugins compatible for Editor in 0.35 ms, found 1 plugins.
Preloading 0 native plugins for Editor in 0.00 ms.
Unloading 1812 Unused Serialized files (Serialized files now loaded: 0)
System memory in use before: 88.2 MB.
System memory in use after: 88.2 MB.

Unloading 12 unused Assets to reduce memory usage. Loaded Objects now: 2278.
Total: 2.233100 ms (FindLiveObjects: 0.198600 ms CreateObjectMapping: 0.073600 ms MarkObjects: 1.832600 ms  DeleteObjects: 0.126700 ms)

========================================================================
Received Prepare
Registering precompiled user dll's ...
Registered in 0.001352 seconds.
Begin MonoManager ReloadAssembly
Native extension for WindowsStandalone target not found
Native extension for OSXStandalone target not found
Refreshing native plugins compatible for Editor in 0.33 ms, found 1 plugins.
Preloading 0 native plugins for Editor in 0.00 ms.
Invoked RoslynAnalysisRunner static constructor.
RoslynAnalysisRunner will not be running.
RoslynAnalysisRunner has terminated.
Mono: successfully reloaded assembly
- Completed reload, in  1.049 seconds
Platform modules already initialized, skipping
Refreshing native plugins compatible for Editor in 0.36 ms, found 1 plugins.
Preloading 0 native plugins for Editor in 0.00 ms.
Unloading 1812 Unused Serialized files (Serialized files now loaded: 0)
System memory in use before: 88.2 MB.
System memory in use after: 88.2 MB.

Unloading 12 unused Assets to reduce memory usage. Loaded Objects now: 2282.
Total: 2.370100 ms (FindLiveObjects: 0.227100 ms CreateObjectMapping: 0.131500 ms MarkObjects: 1.846300 ms  DeleteObjects: 0.163400 ms)

========================================================================
Received Prepare
Registering precompiled user dll's ...
Registered in 0.001615 seconds.
Begin MonoManager ReloadAssembly
Native extension for WindowsStandalone target not found
Native extension for OSXStandalone target not found
Refreshing native plugins compatible for Editor in 0.46 ms, found 1 plugins.
Preloading 0 native plugins for Editor in 0.00 ms.
Invoked RoslynAnalysisRunner static constructor.
RoslynAnalysisRunner will not be running.
RoslynAnalysisRunner has terminated.
Mono: successfully reloaded assembly
- Completed reload, in  1.014 seconds
Platform modules already initialized, skipping
Refreshing native plugins compatible for Editor in 0.35 ms, found 1 plugins.
Preloading 0 native plugins for Editor in 0.00 ms.
Unloading 1812 Unused Serialized files (Serialized files now loaded: 0)
System memory in use before: 88.2 MB.
System memory in use after: 88.2 MB.

Unloading 12 unused Assets to reduce memory usage. Loaded Objects now: 2286.
Total: 2.340800 ms (FindLiveObjects: 0.188600 ms CreateObjectMapping: 0.078100 ms MarkObjects: 1.912100 ms  DeleteObjects: 0.160500 ms)

========================================================================
Received Prepare
Registering precompiled user dll's ...
Registered in 0.001752 seconds.
Begin MonoManager ReloadAssembly
Native extension for WindowsStandalone target not found
Native extension for OSXStandalone target not found
Refreshing native plugins compatible for Editor in 0.38 ms, found 1 plugins.
Preloading 0 native plugins for Editor in 0.00 ms.
Invoked RoslynAnalysisRunner static constructor.
RoslynAnalysisRunner will not be running.
RoslynAnalysisRunner has terminated.
Mono: successfully reloaded assembly
- Completed reload, in  1.021 seconds
Platform modules already initialized, skipping
Refreshing native plugins compatible for Editor in 0.35 ms, found 1 plugins.
Preloading 0 native plugins for Editor in 0.00 ms.
Unloading 1812 Unused Serialized files (Serialized files now loaded: 0)
System memory in use before: 88.2 MB.
System memory in use after: 88.2 MB.

Unloading 12 unused Assets to reduce memory usage. Loaded Objects now: 2290.
Total: 2.965400 ms (FindLiveObjects: 0.416800 ms CreateObjectMapping: 0.245100 ms MarkObjects: 2.127200 ms  DeleteObjects: 0.174800 ms)

========================================================================
Received Prepare
Registering precompiled user dll's ...
Registered in 0.061516 seconds.
Begin MonoManager ReloadAssembly
Native extension for WindowsStandalone target not found
Native extension for OSXStandalone target not found
Refreshing native plugins compatible for Editor in 0.62 ms, found 1 plugins.
Preloading 0 native plugins for Editor in 0.00 ms.
Invoked RoslynAnalysisRunner static constructor.
RoslynAnalysisRunner will not be running.
RoslynAnalysisRunner has terminated.
Mono: successfully reloaded assembly
- Completed reload, in  2.255 seconds
Platform modules already initialized, skipping
Refreshing native plugins compatible for Editor in 1.02 ms, found 1 plugins.
Preloading 0 native plugins for Editor in 0.00 ms.
Unloading 1812 Unused Serialized files (Serialized files now loaded: 0)
System memory in use before: 88.3 MB.
System memory in use after: 88.2 MB.

Unloading 12 unused Assets to reduce memory usage. Loaded Objects now: 2294.
Total: 3.930100 ms (FindLiveObjects: 0.344300 ms CreateObjectMapping: 0.089200 ms MarkObjects: 3.283600 ms  DeleteObjects: 0.211100 ms)

AssetImportWorkerClient::OnTransportError - code=2 error=End of file
